[2025-08-26 06:30:07] [INFO] Cleaning up logs older than 7 days...
[2025-08-26 06:30:07] [OK] Log cleanup complete.
[2025-08-26 06:30:07] [INFO] Configuring SSH Agent...
[2025-08-26 06:30:07] [INFO] Adding SSH key to the agent...
[2025-08-26 06:30:07] [OK] SSH key successfully added to the agent.
[2025-08-26 06:30:07] [INFO] Checking local SSH keys...
[2025-08-26 06:30:07] [OK] Local SSH keys found
[2025-08-26 06:30:07] [INFO] Checking GitHub CLI...
AUTH_STATUS: github.com   Ôťô Logged in to github.com account mszewczy (keyring)   - Active account: true   - Git operations protocol: ssh   - Token: gho_************************************   - Token scopes: 'admin:public_key', 'gist', 'read:org', 'repo'
[2025-08-26 06:30:09] [OK] GitHub CLI is available and authenticated
[2025-08-26 06:30:09] [INFO] Testing SSH connection to GitHub...
SSH_TEST_RAW: Hi mszewczy! You've successfully authenticated, but GitHub does not provide shell access.
[2025-08-26 06:30:10] [OK] SSH connectivity to GitHub is successful
[2025-08-26 06:30:10] [INFO] Retrieving SSH keys from GitHub account...
SSH_KEYS_JSON_RAW: [{"id":129870532,"key":"ssh-ed25519 AAAAC3NzaC1lZDI1NTE5AAAAIP947J9MaHV+Ia8qAE4D1HGQDCQzpB3ZtWDrD4cdvBzm","created_at":"2025-08-23T21:03:17Z","last_used":"2025-08-23T21:08:23Z","url":"https://api.github.com/user/keys/129870532","title":"id_ed25519","verified":true,"read_only":false},{"id":129886467,"key":"ssh-rsa AAAAB3NzaC1yc2EAAAADAQABAAACAQCuU2kybifAh2JRfXZtpD6VqcZjPU6FcvYLNrRg+vdxsmv0rw0ZPYQUIZ7pfXH7bbUgRbfZgRVAYRDZArMHEwHfE2NplrYhht3aNcXNlEEbWs9w0Lg6UYGtU4vFcqMPfBGCmjPeFuqRcZT74MydTswStZ68H+CkxuwT81LjwXmL2bg8BSgXm+2vvpqdTI1m7ArIArNJ95bOciBvzntfqlgKrZpRFPKq1yBwdbrN4BNO8U0jVvFRaIUX6F7LxwhbCIWFVT5hZYV3SwxKCgNy3Os9QmM4QuNuNE5IzxexZLp+aVeZqLDOEZ8TPaGEfxK6w36e7BEXsRGYh59txyGgMj0cOkDfP2ZYUr4cNVgBhZic3ulclUYqt3FY7+YOs2lkNJaSNbzBIwwHqz9j9HPNskySU5OctuwYPEfkqKRvqDjEUa2YdJ+QG/6Hq1xQRUHuddXyfDLa/lkhKPcpQMcpRbHBlsZdl5Wjum5jYcUyEdHmoaFLWP3aLG4obmAFo6SgjHe+sj2sZ0nZ4DRdvpiRlQg+u5ZRyqe4g4w3/qu47LGiDLEP2IX8xZRJhrxRKqNOo1xKO/WFHmCg7Hr43Gp5GumLW8UCS418ZWW6JdxIlaV2pRZxESZmnf2b3QOlPjjRBSsfXvhbebASqVqr/PJom5RM4NSd8rwDwWNIIFOwoJU7hw==","created_at":"2025-08-24T05:18:38Z","last_used":null,"url":"https://api.github.com/user/keys/129886467","title":"id_rsa","verified":true,"read_only":false}]
[2025-08-26 06:30:11] [OK] SSH key found on GitHub with title: id_ed25519
[2025-08-26 06:30:11] [OK] Key authorization for org will be verified by repository access.
[2025-08-26 06:30:11] [INFO] Checking repository access for: mszewczy/moje-narzedzia-ai-1967
REPO_JSON_RAW: {"name":"moje-narzedzia-ai-1967","viewerPermission":"ADMIN","visibility":"PUBLIC"}
[2025-08-26 06:30:12] [OK] Repository visibility: PUBLIC
[2025-08-26 06:30:12] [OK] Your permission level: ADMIN
[2025-08-26 06:30:12] [OK] Successfully accessed org repository, SSO authorization confirmed.
[2025-08-26 06:30:12] [INFO] Validating git ls-remote via SSH...
GIT_LS_REMOTE_ERROR: C:\Windows\System32\OpenSSH\ssh.exe: line 1: C:WindowsSystem32OpenSSHssh.exe: command not foundfatal: Could not read from remote repository.System.Management.Automation.RemoteExceptionPlease make sure you have the correct access rightsand the repository exists.
[2025-08-26 06:30:12] [ERROR] git ls-remote via SSH failed. See log for details.
